<?xml version="1.0" encoding="UTF-8"?>
<testsuite name="com.ohgiraffers.springeagles.SpringeaglesApplicationTests" tests="1" skipped="0" failures="0" errors="0" timestamp="2024-07-03T09:37:39" hostname="DESKTOP-6TG2AKJ" time="0.727">
  <properties/>
  <testcase name="contextLoads()" classname="com.ohgiraffers.springeagles.SpringeaglesApplicationTests" time="0.727"/>
  <system-out><![CDATA[18:37:31.744 [Test worker] INFO org.springframework.test.context.support.AnnotationConfigContextLoaderUtils -- Could not detect default configuration classes for test class [com.ohgiraffers.springeagles.SpringeaglesApplicationTests]: SpringeaglesApplicationTests does not declare any static, non-private, non-final, nested classes annotated with @Configuration.
18:37:31.900 [Test worker] INFO org.springframework.boot.test.context.SpringBootTestContextBootstrapper -- Found @SpringBootConfiguration com.ohgiraffers.springeagles.SpringeaglesApplication for test class com.ohgiraffers.springeagles.SpringeaglesApplicationTests
  .   ____          _            __ _ _
 /\\ / ___'_ __ _ _(_)_ __  __ _ \ \ \ \
( ( )\___ | '_ | '_| | '_ \/ _` | \ \ \ \
 \\/  ___)| |_)| | | | | || (_| |  ) ) ) )
  '  |____| .__|_| |_|_| |_\__, | / / / /
 =========|_|==============|___/=/_/_/_/

 :: Spring Boot ::                (v3.3.0)

2024-07-03T18:37:32.467+09:00  INFO 5908 --- [springeagles] [    Test worker] c.o.s.SpringeaglesApplicationTests       : Starting SpringeaglesApplicationTests using Java 17.0.11 with PID 5908 (started by 202-28 in C:\project\SpringEagles)
2024-07-03T18:37:32.469+09:00  INFO 5908 --- [springeagles] [    Test worker] c.o.s.SpringeaglesApplicationTests       : No active profile set, falling back to 1 default profile: "default"
2024-07-03T18:37:33.458+09:00  INFO 5908 --- [springeagles] [    Test worker] .s.d.r.c.RepositoryConfigurationDelegate : Bootstrapping Spring Data JPA repositories in DEFAULT mode.
2024-07-03T18:37:33.619+09:00  INFO 5908 --- [springeagles] [    Test worker] .s.d.r.c.RepositoryConfigurationDelegate : Finished Spring Data repository scanning in 148 ms. Found 12 JPA repository interfaces.
2024-07-03T18:37:34.298+09:00  INFO 5908 --- [springeagles] [    Test worker] o.hibernate.jpa.internal.util.LogHelper  : HHH000204: Processing PersistenceUnitInfo [name: default]
2024-07-03T18:37:34.392+09:00  INFO 5908 --- [springeagles] [    Test worker] org.hibernate.Version                    : HHH000412: Hibernate ORM core version 6.5.2.Final
2024-07-03T18:37:34.446+09:00  INFO 5908 --- [springeagles] [    Test worker] o.h.c.internal.RegionFactoryInitiator    : HHH000026: Second-level cache disabled
2024-07-03T18:37:34.919+09:00  INFO 5908 --- [springeagles] [    Test worker] o.s.o.j.p.SpringPersistenceUnitInfo      : No LoadTimeWeaver setup: ignoring JPA class transformer
2024-07-03T18:37:34.959+09:00  INFO 5908 --- [springeagles] [    Test worker] com.zaxxer.hikari.HikariDataSource       : HikariPool-1 - Starting...
2024-07-03T18:37:35.309+09:00  INFO 5908 --- [springeagles] [    Test worker] com.zaxxer.hikari.pool.HikariPool        : HikariPool-1 - Added connection com.mysql.cj.jdbc.ConnectionImpl@e706aa
2024-07-03T18:37:35.312+09:00  INFO 5908 --- [springeagles] [    Test worker] com.zaxxer.hikari.HikariDataSource       : HikariPool-1 - Start completed.
2024-07-03T18:37:35.387+09:00  WARN 5908 --- [springeagles] [    Test worker] org.hibernate.orm.deprecation            : HHH90000025: MySQLDialect does not need to be specified explicitly using 'hibernate.dialect' (remove the property setting and it will be selected by default)
2024-07-03T18:37:36.933+09:00  INFO 5908 --- [springeagles] [    Test worker] o.h.e.t.j.p.i.JtaPlatformInitiator       : HHH000489: No JTA platform available (set 'hibernate.transaction.jta.platform' to enable JTA platform integration)
2024-07-03T18:37:37.368+09:00  INFO 5908 --- [springeagles] [    Test worker] j.LocalContainerEntityManagerFactoryBean : Initialized JPA EntityManagerFactory for persistence unit 'default'
2024-07-03T18:37:38.485+09:00  WARN 5908 --- [springeagles] [    Test worker] JpaBaseConfiguration$JpaWebConfiguration : spring.jpa.open-in-view is enabled by default. Therefore, database queries may be performed during view rendering. Explicitly configure spring.jpa.open-in-view to disable this warning
2024-07-03T18:37:38.528+09:00  INFO 5908 --- [springeagles] [    Test worker] o.s.b.a.w.s.WelcomePageHandlerMapping    : Adding welcome page template: index
2024-07-03T18:37:39.434+09:00  INFO 5908 --- [springeagles] [    Test worker] c.o.s.SpringeaglesApplicationTests       : Started SpringeaglesApplicationTests in 7.296 seconds (process running for 8.828)
]]></system-out>
  <system-err><![CDATA[]]></system-err>
</testsuite>
